<?xml version="1.0" encoding="UTF-8"?>
<!-- Generated by org.testng.reporters.JUnitXMLReporter -->
<testsuite ignored="4" hostname="ASCINLAP60828" failures="0" tests="6" name="Test" time="65.971" errors="0" timestamp="2025-05-26T02:26:17 IST">
  <testcase classname="tests.LoginPageTest" name="invalidLoginTest" time="6.101"/>
  <testcase classname="tests.LoginPageTest" name="validLoginTest" time="6.786"/>
  <testcase classname="tests.ProfilePageTest" name="editProfileTest" time="18.711"/>
  <testcase classname="tests.ProfilePageTest" name="verifyProfileLinksTest" time="10.591"/>
  <testcase classname="tests.SearchAndFilterTest" name="searchTest" time="9.715"/>
  <testcase classname="tests.SearchAndFilterTest" name="filterTest" time="6.38"/>
  <testcase classname="base.BaseTest" name="@AfterSuite closeApp" time="0.0">
    <ignored/>
  </testcase> <!-- @AfterSuite closeApp -->
  <testcase classname="base.BaseTest" name="@BeforeSuite launchApp" time="0.0">
    <ignored/>
  </testcase> <!-- @BeforeSuite launchApp -->
  <testcase classname="base.BaseTest" name="@BeforeSuite launchApp" time="0.0">
    <ignored/>
  </testcase> <!-- @BeforeSuite launchApp -->
  <testcase classname="base.BaseTest" name="@AfterSuite closeApp" time="0.0">
    <ignored/>
  </testcase> <!-- @AfterSuite closeApp -->
</testsuite> <!-- Test -->
