<?xml version="1.0" encoding="UTF-8"?>
<testsuite xmlns:xsi="http://www.w3.org/2001/XMLSchema-instance" xsi:noNamespaceSchemaLocation="https://maven.apache.org/surefire/maven-surefire-plugin/xsd/surefire-test-report-3.0.xsd" version="3.0" name="TestSuite" time="100.505" tests="6" errors="0" skipped="0" failures="0">
  <properties>
[...]
</properties>
  <testcase name="invalidLoginTest" classname="tests.LoginPageTest" time="6.102">
    <system-out><![CDATA[========launchApp==========
2025-05-26 02:25:12 INFO  LoginPageTest:76 - ===============login with invalid credentials===============
2025-05-25T20:55:12.203474800Z main ERROR Log4j2 could not find a logging implementation. Please add log4j-core to the classpath. Using SimpleLogger to log to the console...
2025-05-26 02:25:13 INFO  LoginPageTest:40 - Opening login page...
2025-05-26 02:25:16 INFO  LoginPageTest:44 - invalid credentials submitted.
2025-05-26 02:25:18 INFO  LoginPageTest:48 - Captured Toast Message: Invalid Password
2025-05-26 02:25:18 INFO  LoginPageTest:63 - As expected test passed!
]]></system-out>
    <system-err><![CDATA[SLF4J: Failed to load class "org.slf4j.impl.StaticLoggerBinder".
SLF4J: Defaulting to no-operation (NOP) logger implementation
SLF4J: See http://www.slf4j.org/codes.html#StaticLoggerBinder for further details.
May 26, 2025 2:25:02 AM org.openqa.selenium.devtools.CdpVersionFinder findNearestMatch
WARNING: Unable to find an exact match for CDP version 136, returning the closest version; found: 135; Please update to a Selenium version that supports CDP version 136
]]></system-err>
  </testcase>
  <testcase name="validLoginTest" classname="tests.LoginPageTest" time="6.785">
    <system-out><![CDATA[2025-05-26 02:25:18 INFO  LoginPageTest:90 - ===============login with valid credentials===============
2025-05-26 02:25:18 INFO  LoginPageTest:40 - Opening login page...
2025-05-26 02:25:20 INFO  LoginPageTest:44 - valid credentials submitted.
2025-05-26 02:25:21 INFO  LoginPageTest:48 - Captured Toast Message: Login Successful
2025-05-26 02:25:25 INFO  LoginPageTest:56 - Captured greeting Message: Hi, CapstoneTestUser01
2025-05-26 02:25:25 INFO  LoginPageTest:59 - Verified greeting message. Login successful!
2025-05-26 02:25:25 INFO  LoginPageTest:63 - As expected test passed!
]]></system-out>
  </testcase>
  <testcase name="editProfileTest" classname="tests.ProfilePageTest" time="18.711">
    <system-out><![CDATA[2025-05-26 02:25:25 INFO  ProfilePageTest:41 - =============== Editing profile details ===============
2025-05-26 02:25:25 INFO  ProfilePageTest:47 - Updating personal data: name, location, college
2025-05-26 02:25:35 INFO  ProfilePageTest:81 - Updating social links: GitHub, LinkedIn, Twitter, Other
2025-05-26 02:25:44 INFO  ProfilePageTest:92 - Profile updated successfully, As expected test passed!!
]]></system-out>
  </testcase>
  <testcase name="verifyProfileLinksTest" classname="tests.ProfilePageTest" time="10.594">
    <system-out><![CDATA[2025-05-26 02:25:44 INFO  ProfilePageTest:114 - =============== Verifying Display Name ===============
2025-05-26 02:25:44 INFO  ProfilePageTest:124 - Name displayed in profile: Madhan Adithya
2025-05-26 02:25:44 INFO  ProfilePageTest:130 - Profile name matches with data used to update!
2025-05-26 02:25:44 INFO  ProfilePageTest:135 - =============== Verifying social links URLs ===============
2025-05-26 02:25:48 INFO  ProfilePageTest:138 - LinkedIn URL opened: https://www.linkedin.com/authwall?trk=gf&trkInfo=AQElKGCf7JIpVgAAAZcJOvQgGJjdCsXJ6-UP3Jx2RvyNU0mUO5edMW4Us4UXa8yLeQU5FZDmbfbFGdKXvX61mOXZD_xFX-48X-tQ194NbJ1_oRHpCKm1axdjA62cew9MEGypkIE=&original_referer=&sessionRedirect=https%3A%2F%2Fwww.linkedin.com%2Fin%2Fmadhanadithya%2F
2025-05-26 02:25:55 INFO  ProfilePageTest:148 - GitHub URL opened: https://github.com/madhanadithya/
2025-05-26 02:25:55 INFO  ProfilePageTest:155 - Social links verified successfully, As expected test passed!
]]></system-out>
  </testcase>
  <testcase name="searchTest" classname="tests.SearchAndFilterTest" time="9.715">
    <system-out><![CDATA[2025-05-26 02:25:55 INFO  SearchAndFilterTest:33 - =============== search and filter feature testing ===============
2025-05-26 02:25:55 INFO  SearchAndFilterTest:34 - Navigating to Striver's DSA sheet
2025-05-26 02:26:01 INFO  SearchAndFilterTest:43 - =============== search test ===============
2025-05-26 02:26:01 INFO  SearchAndFilterTest:49 - Performing search test
2025-05-26 02:26:11 INFO  SearchAndFilterTest:66 - Search test completed successfully, As expected test passed!
]]></system-out>
  </testcase>
  <testcase name="filterTest" classname="tests.SearchAndFilterTest" time="6.38">
    <system-out><![CDATA[2025-05-26 02:26:11 INFO  SearchAndFilterTest:80 - =============== filter test ===============
2025-05-26 02:26:11 INFO  SearchAndFilterTest:100 - Applying difficulty filter
2025-05-26 02:26:17 INFO  SearchAndFilterTest:106 - Filter result: Hard
2025-05-26 02:26:17 INFO  SearchAndFilterTest:110 - Filter test passed, As expected test passed!
]]></system-out>
  </testcase>
</testsuite>