<?xml version="1.0" encoding="UTF-8"?>
<testng-results ignored="0" total="6" passed="6" failed="0" skipped="0">
  <reporter-output>
  </reporter-output>
  <suite started-at="2025-05-26T02:25:11 IST" name="Suite" finished-at="2025-05-26T02:26:17 IST" duration-ms="65971">
    <groups>
      <group name="filter">
        <method signature="SearchAndFilterTest.filterTest()[pri:6, instance:tests.SearchAndFilterTest@62ddbd7e]" name="filterTest" class="tests.SearchAndFilterTest"/>
      </group> <!-- filter -->
      <group name="negative">
        <method signature="LoginPageTest.invalidLoginTest()[pri:1, instance:tests.LoginPageTest@185a6e9]" name="invalidLoginTest" class="tests.LoginPageTest"/>
      </group> <!-- negative -->
      <group name="search">
        <method signature="SearchAndFilterTest.searchTest()[pri:5, instance:tests.SearchAndFilterTest@62ddbd7e]" name="searchTest" class="tests.SearchAndFilterTest"/>
      </group> <!-- search -->
      <group name="profile">
        <method signature="ProfilePageTest.editProfileTest()[pri:3, instance:tests.ProfilePageTest@4116aac9]" name="editProfileTest" class="tests.ProfilePageTest"/>
        <method signature="ProfilePageTest.verifyProfileLinksTest()[pri:4, instance:tests.ProfilePageTest@4116aac9]" name="verifyProfileLinksTest" class="tests.ProfilePageTest"/>
      </group> <!-- profile -->
      <group name="positive">
        <method signature="LoginPageTest.validLoginTest()[pri:2, instance:tests.LoginPageTest@185a6e9]" name="validLoginTest" class="tests.LoginPageTest"/>
        <method signature="ProfilePageTest.editProfileTest()[pri:3, instance:tests.ProfilePageTest@4116aac9]" name="editProfileTest" class="tests.ProfilePageTest"/>
        <method signature="ProfilePageTest.verifyProfileLinksTest()[pri:4, instance:tests.ProfilePageTest@4116aac9]" name="verifyProfileLinksTest" class="tests.ProfilePageTest"/>
        <method signature="SearchAndFilterTest.searchTest()[pri:5, instance:tests.SearchAndFilterTest@62ddbd7e]" name="searchTest" class="tests.SearchAndFilterTest"/>
        <method signature="SearchAndFilterTest.filterTest()[pri:6, instance:tests.SearchAndFilterTest@62ddbd7e]" name="filterTest" class="tests.SearchAndFilterTest"/>
      </group> <!-- positive -->
      <group name="login">
        <method signature="LoginPageTest.validLoginTest()[pri:2, instance:tests.LoginPageTest@185a6e9]" name="validLoginTest" class="tests.LoginPageTest"/>
        <method signature="LoginPageTest.invalidLoginTest()[pri:1, instance:tests.LoginPageTest@185a6e9]" name="invalidLoginTest" class="tests.LoginPageTest"/>
      </group> <!-- login -->
      <group name="verification">
        <method signature="ProfilePageTest.verifyProfileLinksTest()[pri:4, instance:tests.ProfilePageTest@4116aac9]" name="verifyProfileLinksTest" class="tests.ProfilePageTest"/>
      </group> <!-- verification -->
    </groups>
    <test started-at="2025-05-26T02:25:11 IST" name="Test" finished-at="2025-05-26T02:26:17 IST" duration-ms="65971">
      <class name="tests.SearchAndFilterTest">
        <test-method is-config="true" signature="setupReport()[pri:0, instance:tests.SearchAndFilterTest@62ddbd7e]" started-at="2025-05-26T02:25:55 IST" name="setupReport" finished-at="2025-05-26T02:26:01 IST" duration-ms="6165" status="PASS">
          <reporter-output>
          </reporter-output>
        </test-method> <!-- setupReport -->
        <test-method signature="searchTest()[pri:5, instance:tests.SearchAndFilterTest@62ddbd7e]" started-at="2025-05-26T02:26:01 IST" name="searchTest" finished-at="2025-05-26T02:26:11 IST" duration-ms="9715" status="PASS">
          <reporter-output>
          </reporter-output>
        </test-method> <!-- searchTest -->
        <test-method is-config="true" signature="closeModalIfPresent()[pri:0, instance:tests.SearchAndFilterTest@62ddbd7e]" started-at="2025-05-26T02:26:11 IST" name="closeModalIfPresent" finished-at="2025-05-26T02:26:11 IST" duration-ms="65" status="PASS">
          <reporter-output>
          </reporter-output>
        </test-method> <!-- closeModalIfPresent -->
        <test-method signature="filterTest()[pri:6, instance:tests.SearchAndFilterTest@62ddbd7e]" started-at="2025-05-26T02:26:11 IST" name="filterTest" finished-at="2025-05-26T02:26:17 IST" duration-ms="6380" status="PASS">
          <reporter-output>
          </reporter-output>
        </test-method> <!-- filterTest -->
        <test-method is-config="true" signature="closeModalIfPresent()[pri:0, instance:tests.SearchAndFilterTest@62ddbd7e]" started-at="2025-05-26T02:26:17 IST" name="closeModalIfPresent" finished-at="2025-05-26T02:26:17 IST" duration-ms="37" status="PASS">
          <reporter-output>
          </reporter-output>
        </test-method> <!-- closeModalIfPresent -->
      </class> <!-- tests.SearchAndFilterTest -->
      <class name="tests.ProfilePageTest">
        <test-method is-config="true" signature="loginBeforeProfileTests()[pri:0, instance:tests.ProfilePageTest@4116aac9]" started-at="2025-05-26T02:25:25 IST" name="loginBeforeProfileTests" finished-at="2025-05-26T02:25:25 IST" duration-ms="0" status="PASS">
          <reporter-output>
          </reporter-output>
        </test-method> <!-- loginBeforeProfileTests -->
        <test-method signature="editProfileTest()[pri:3, instance:tests.ProfilePageTest@4116aac9]" started-at="2025-05-26T02:25:25 IST" name="editProfileTest" finished-at="2025-05-26T02:25:44 IST" depends-on-methods="tests.LoginPageTest.validLoginTest" duration-ms="18711" status="PASS">
          <reporter-output>
          </reporter-output>
        </test-method> <!-- editProfileTest -->
        <test-method is-config="true" signature="closeModalAndFlush()[pri:0, instance:tests.ProfilePageTest@4116aac9]" started-at="2025-05-26T02:25:44 IST" name="closeModalAndFlush" finished-at="2025-05-26T02:25:44 IST" duration-ms="101" status="PASS">
          <reporter-output>
          </reporter-output>
        </test-method> <!-- closeModalAndFlush -->
        <test-method signature="verifyProfileLinksTest()[pri:4, instance:tests.ProfilePageTest@4116aac9]" started-at="2025-05-26T02:25:44 IST" name="verifyProfileLinksTest" finished-at="2025-05-26T02:25:55 IST" depends-on-methods="tests.ProfilePageTest.editProfileTest" duration-ms="10591" status="PASS">
          <reporter-output>
          </reporter-output>
        </test-method> <!-- verifyProfileLinksTest -->
        <test-method is-config="true" signature="closeModalAndFlush()[pri:0, instance:tests.ProfilePageTest@4116aac9]" started-at="2025-05-26T02:25:55 IST" name="closeModalAndFlush" finished-at="2025-05-26T02:25:55 IST" duration-ms="252" status="PASS">
          <reporter-output>
          </reporter-output>
        </test-method> <!-- closeModalAndFlush -->
      </class> <!-- tests.ProfilePageTest -->
      <class name="tests.LoginPageTest">
        <test-method is-config="true" signature="launchApp()[pri:0, instance:tests.LoginPageTest@185a6e9]" started-at="2025-05-26T02:24:54 IST" name="launchApp" finished-at="2025-05-26T02:25:11 IST" duration-ms="17552" status="PASS">
          <reporter-output>
          </reporter-output>
        </test-method> <!-- launchApp -->
        <test-method is-config="true" signature="setupReport()[pri:0, instance:tests.LoginPageTest@185a6e9]" started-at="2025-05-26T02:25:11 IST" name="setupReport" finished-at="2025-05-26T02:25:12 IST" duration-ms="282" status="PASS">
          <reporter-output>
          </reporter-output>
        </test-method> <!-- setupReport -->
        <test-method signature="invalidLoginTest()[pri:1, instance:tests.LoginPageTest@185a6e9]" started-at="2025-05-26T02:25:12 IST" name="invalidLoginTest" finished-at="2025-05-26T02:25:18 IST" duration-ms="6101" status="PASS">
          <reporter-output>
          </reporter-output>
        </test-method> <!-- invalidLoginTest -->
        <test-method is-config="true" signature="closeModalIfPresent()[pri:0, instance:tests.LoginPageTest@185a6e9]" started-at="2025-05-26T02:25:18 IST" name="closeModalIfPresent" finished-at="2025-05-26T02:25:18 IST" duration-ms="589" status="PASS">
          <reporter-output>
          </reporter-output>
        </test-method> <!-- closeModalIfPresent -->
        <test-method signature="validLoginTest()[pri:2, instance:tests.LoginPageTest@185a6e9]" started-at="2025-05-26T02:25:18 IST" name="validLoginTest" finished-at="2025-05-26T02:25:25 IST" duration-ms="6786" status="PASS">
          <reporter-output>
          </reporter-output>
        </test-method> <!-- validLoginTest -->
        <test-method is-config="true" signature="closeModalIfPresent()[pri:0, instance:tests.LoginPageTest@185a6e9]" started-at="2025-05-26T02:25:25 IST" name="closeModalIfPresent" finished-at="2025-05-26T02:25:25 IST" duration-ms="113" status="PASS">
          <reporter-output>
          </reporter-output>
        </test-method> <!-- closeModalIfPresent -->
        <test-method is-config="true" signature="closeApp()[pri:0, instance:tests.LoginPageTest@185a6e9]" started-at="2025-05-26T02:26:17 IST" name="closeApp" finished-at="2025-05-26T02:26:32 IST" duration-ms="14599" status="PASS">
          <reporter-output>
          </reporter-output>
        </test-method> <!-- closeApp -->
      </class> <!-- tests.LoginPageTest -->
    </test> <!-- Test -->
  </suite> <!-- Suite -->
</testng-results>
