<?xml version="1.0" encoding="UTF-8"?>
<!-- Generated by org.testng.reporters.JUnitXMLReporter -->
<testsuite ignored="4" hostname="ASCINLAP60828" failures="0" tests="6" name="Test" time="74.592" errors="0" timestamp="2025-05-26T01:39:31 IST">
  <testcase classname="tests.LoginPageTest" name="invalidLoginTest" time="6.328"/>
  <testcase classname="tests.LoginPageTest" name="validLoginTest" time="6.735"/>
  <testcase classname="tests.ProfilePageTest" name="editProfileTest" time="19.589"/>
  <testcase classname="tests.ProfilePageTest" name="verifyProfileLinksTest" time="16.954"/>
  <testcase classname="tests.SearchAndFilterTest" name="searchTest" time="9.932"/>
  <testcase classname="tests.SearchAndFilterTest" name="filterTest" time="6.778"/>
  <testcase classname="base.BaseTest" name="@AfterSuite closeApp" time="0.0">
    <ignored/>
  </testcase> <!-- @AfterSuite closeApp -->
  <testcase classname="base.BaseTest" name="@BeforeSuite launchApp" time="0.0">
    <ignored/>
  </testcase> <!-- @BeforeSuite launchApp -->
  <testcase classname="base.BaseTest" name="@AfterSuite closeApp" time="0.0">
    <ignored/>
  </testcase> <!-- @AfterSuite closeApp -->
  <testcase classname="base.BaseTest" name="@BeforeSuite launchApp" time="0.0">
    <ignored/>
  </testcase> <!-- @BeforeSuite launchApp -->
</testsuite> <!-- Test -->
