<?xml version="1.0" encoding="UTF-8"?>
<!-- Generated by org.testng.reporters.JUnitXMLReporter -->
<testsuite ignored="4" hostname="ASCINLAP60828" failures="0" tests="6" name="Test" time="72.661" errors="0" timestamp="2025-05-24T02:35:44 IST">
  <testcase classname="tests.LoginPageTest" name="invalidLoginTest" time="7.223"/>
  <testcase classname="tests.LoginPageTest" name="validLoginTest" time="9.147"/>
  <testcase classname="tests.ProfilePageTest" name="editProfileTest" time="21.922"/>
  <testcase classname="tests.ProfilePageTest" name="verifyProfileLinksTest" time="11.475"/>
  <testcase classname="tests.SearchAndFilterTest" name="searchTest" time="8.186"/>
  <testcase classname="tests.SearchAndFilterTest" name="filterTest" time="7.195"/>
  <testcase classname="base.BaseTest" name="@AfterSuite closeApp" time="0.0">
    <ignored/>
  </testcase> <!-- @AfterSuite closeApp -->
  <testcase classname="base.BaseTest" name="@BeforeSuite launchApp" time="0.0">
    <ignored/>
  </testcase> <!-- @BeforeSuite launchApp -->
  <testcase classname="base.BaseTest" name="@AfterSuite closeApp" time="0.0">
    <ignored/>
  </testcase> <!-- @AfterSuite closeApp -->
  <testcase classname="base.BaseTest" name="@BeforeSuite launchApp" time="0.0">
    <ignored/>
  </testcase> <!-- @BeforeSuite launchApp -->
</testsuite> <!-- Test -->
